<?xml version="1.0" encoding="UTF-8"?>
<testsuite xmlns:xsi="http://www.w3.org/2001/XMLSchema-instance" xsi:noNamespaceSchemaLocation="https://maven.apache.org/surefire/maven-surefire-plugin/xsd/surefire-test-report.xsd" version="3.0.2" name="com.trickytechies.foodapi.FoodapiApplicationTests" time="14.225" tests="1" errors="0" skipped="0" failures="0">
  <properties>
[...]
</properties>
  <testcase name="contextLoads" classname="com.trickytechies.foodapi.FoodapiApplicationTests" time="0.98">
    <system-out><![CDATA[02:18:04.595 [main] INFO org.springframework.test.context.support.AnnotationConfigContextLoaderUtils -- Could not detect default configuration classes for test class [com.trickytechies.foodapi.FoodapiApplicationTests]: FoodapiApplicationTests does not declare any static, non-private, non-final, nested classes annotated with @Configuration.
02:18:04.791 [main] INFO org.springframework.boot.test.context.SpringBootTestContextBootstrapper -- Found @SpringBootConfiguration com.trickytechies.foodapi.FoodapiApplication for test class com.trickytechies.foodapi.FoodapiApplicationTests
02:18:05.131 [main] INFO org.springframework.boot.devtools.restart.RestartApplicationListener -- Restart disabled due to context in which it is running

  .   ____          _            __ _ _
 /\\ / ___'_ __ _ _(_)_ __  __ _ \ \ \ \
( ( )\___ | '_ | '_| | '_ \/ _` | \ \ \ \
 \\/  ___)| |_)| | | | | || (_| |  ) ) ) )
  '  |____| .__|_| |_|_| |_\__, | / / / /
 =========|_|==============|___/=/_/_/_/

 :: Spring Boot ::                (v3.4.1)

2025-01-05T02:18:05.780+05:30  INFO 3480 --- [foodapi] [           main] c.t.foodapi.FoodapiApplicationTests      : Starting FoodapiApplicationTests using Java 21 with PID 3480 (started by Ram in e:\foodapi)
2025-01-05T02:18:05.782+05:30  INFO 3480 --- [foodapi] [           main] c.t.foodapi.FoodapiApplicationTests      : No active profile set, falling back to 1 default profile: "default"
2025-01-05T02:18:07.265+05:30  INFO 3480 --- [foodapi] [           main] .s.d.r.c.RepositoryConfigurationDelegate : Bootstrapping Spring Data JPA repositories in DEFAULT mode.
2025-01-05T02:18:07.419+05:30  INFO 3480 --- [foodapi] [           main] .s.d.r.c.RepositoryConfigurationDelegate : Finished Spring Data repository scanning in 137 ms. Found 3 JPA repository interfaces.
2025-01-05T02:18:08.873+05:30  INFO 3480 --- [foodapi] [           main] o.hibernate.jpa.internal.util.LogHelper  : HHH000204: Processing PersistenceUnitInfo [name: default]
2025-01-05T02:18:09.098+05:30  INFO 3480 --- [foodapi] [           main] org.hibernate.Version                    : HHH000412: Hibernate ORM core version 6.6.4.Final
2025-01-05T02:18:09.258+05:30  INFO 3480 --- [foodapi] [           main] o.h.c.internal.RegionFactoryInitiator    : HHH000026: Second-level cache disabled
2025-01-05T02:18:10.023+05:30  INFO 3480 --- [foodapi] [           main] o.s.o.j.p.SpringPersistenceUnitInfo      : No LoadTimeWeaver setup: ignoring JPA class transformer
2025-01-05T02:18:10.106+05:30  INFO 3480 --- [foodapi] [           main] com.zaxxer.hikari.HikariDataSource       : HikariPool-1 - Starting...
2025-01-05T02:18:10.886+05:30  INFO 3480 --- [foodapi] [           main] com.zaxxer.hikari.pool.HikariPool        : HikariPool-1 - Added connection com.mysql.cj.jdbc.ConnectionImpl@3a54638b
2025-01-05T02:18:10.892+05:30  INFO 3480 --- [foodapi] [           main] com.zaxxer.hikari.HikariDataSource       : HikariPool-1 - Start completed.
2025-01-05T02:18:11.072+05:30  WARN 3480 --- [foodapi] [           main] org.hibernate.orm.deprecation            : HHH90000025: MySQL8Dialect does not need to be specified explicitly using 'hibernate.dialect' (remove the property setting and it will be selected by default)
2025-01-05T02:18:11.072+05:30  WARN 3480 --- [foodapi] [           main] org.hibernate.orm.deprecation            : HHH90000026: MySQL8Dialect has been deprecated; use org.hibernate.dialect.MySQLDialect instead
2025-01-05T02:18:11.160+05:30  INFO 3480 --- [foodapi] [           main] org.hibernate.orm.connections.pooling    : HHH10001005: Database info:
	Database JDBC URL [Connecting through datasource 'HikariDataSource (HikariPool-1)']
	Database driver: undefined/unknown
	Database version: 8.0
	Autocommit mode: undefined/unknown
	Isolation level: undefined/unknown
	Minimum pool size: undefined/unknown
	Maximum pool size: undefined/unknown
2025-01-05T02:18:13.043+05:30  INFO 3480 --- [foodapi] [           main] o.h.e.t.j.p.i.JtaPlatformInitiator       : HHH000489: No JTA platform available (set 'hibernate.transaction.jta.platform' to enable JTA platform integration)
2025-01-05T02:18:13.161+05:30  INFO 3480 --- [foodapi] [           main] j.LocalContainerEntityManagerFactoryBean : Initialized JPA EntityManagerFactory for persistence unit 'default'
2025-01-05T02:18:14.224+05:30  INFO 3480 --- [foodapi] [           main] o.s.d.j.r.query.QueryEnhancerFactory     : Hibernate is in classpath; If applicable, HQL parser will be used.
2025-01-05T02:18:15.772+05:30  WARN 3480 --- [foodapi] [           main] JpaBaseConfiguration$JpaWebConfiguration : spring.jpa.open-in-view is enabled by default. Therefore, database queries may be performed during view rendering. Explicitly configure spring.jpa.open-in-view to disable this warning
2025-01-05T02:18:15.833+05:30  INFO 3480 --- [foodapi] [           main] r$InitializeUserDetailsManagerConfigurer : Global AuthenticationManager configured with UserDetailsService bean with name userService
2025-01-05T02:18:17.447+05:30  INFO 3480 --- [foodapi] [           main] c.t.foodapi.FoodapiApplicationTests      : Started FoodapiApplicationTests in 12.336 seconds (process running for 14.184)
]]></system-out>
    <system-err><![CDATA[Mockito is currently self-attaching to enable the inline-mock-maker. This will no longer work in future releases of the JDK. Please add Mockito as an agent to your build what is described in Mockito's documentation: https://javadoc.io/doc/org.mockito/mockito-core/latest/org/mockito/Mockito.html#0.3
WARNING: A Java agent has been loaded dynamically (C:\Users\Ram\.m2\repository\net\bytebuddy\byte-buddy-agent\1.15.11\byte-buddy-agent-1.15.11.jar)
WARNING: If a serviceability tool is in use, please run with -XX:+EnableDynamicAgentLoading to hide this warning
WARNING: If a serviceability tool is not in use, please run with -Djdk.instrument.traceUsage for more information
WARNING: Dynamic loading of agents will be disallowed by default in a future release
]]></system-err>
  </testcase>
</testsuite>